{"level":"info","message":"Server running on port 8000","timestamp":"2025-06-03T07:42:34.547Z"}
{"level":"info","message":"Server running on port 8000","timestamp":"2025-06-03T07:43:23.427Z"}
{"level":"info","message":"Server running on port 8000","timestamp":"2025-06-03T07:43:59.389Z"}
{"level":"info","message":"Server running on port 8000","timestamp":"2025-06-03T07:44:08.699Z"}
{"level":"info","message":"Server running on port 8000","timestamp":"2025-06-03T07:44:56.078Z"}
{"level":"info","message":"MongoDB Connected: ac-zbtgmn9-shard-00-00.t3x3nwf.mongodb.net","timestamp":"2025-06-03T07:45:00.696Z"}
{"level":"info","message":"Server running on port 8000","timestamp":"2025-06-03T07:55:45.672Z"}
{"level":"info","message":"MongoDB Connected: ac-zbtgmn9-shard-00-00.t3x3nwf.mongodb.net","timestamp":"2025-06-03T07:55:48.920Z"}
{"level":"info","message":"Server running on port 8000","timestamp":"2025-06-03T07:55:50.604Z"}
{"level":"info","message":"MongoDB Connected: ac-zbtgmn9-shard-00-00.t3x3nwf.mongodb.net","timestamp":"2025-06-03T07:55:54.947Z"}
{"level":"info","message":"Server running on port 8000","timestamp":"2025-06-03T08:02:04.380Z"}
{"level":"info","message":"MongoDB Connected: ac-zbtgmn9-shard-00-00.t3x3nwf.mongodb.net","timestamp":"2025-06-03T08:02:07.149Z"}
{"level":"info","message":"Server running on port 8000","timestamp":"2025-06-03T08:02:58.499Z"}
{"level":"info","message":"MongoDB Connected: ac-zbtgmn9-shard-00-00.t3x3nwf.mongodb.net","timestamp":"2025-06-03T08:03:01.069Z"}
{"level":"info","message":"Server running on port 8000","timestamp":"2025-06-03T08:03:02.110Z"}
{"level":"info","message":"MongoDB Connected: ac-zbtgmn9-shard-00-00.t3x3nwf.mongodb.net","timestamp":"2025-06-03T08:03:04.563Z"}
{"level":"info","message":"Server running on port 8000","timestamp":"2025-06-03T08:04:35.638Z"}
{"level":"info","message":"MongoDB Connected: ac-zbtgmn9-shard-00-00.t3x3nwf.mongodb.net","timestamp":"2025-06-03T08:04:39.161Z"}
{"level":"info","message":"Server running on port 8000","timestamp":"2025-06-03T08:04:47.139Z"}
{"level":"info","message":"MongoDB Connected: ac-zbtgmn9-shard-00-00.t3x3nwf.mongodb.net","timestamp":"2025-06-03T08:04:50.090Z"}
{"level":"info","message":"Server running on port 8000","timestamp":"2025-06-03T08:04:55.043Z"}
{"level":"info","message":"MongoDB Connected: ac-zbtgmn9-shard-00-00.t3x3nwf.mongodb.net","timestamp":"2025-06-03T08:04:57.465Z"}
{"level":"info","message":"Server running on port 8000","timestamp":"2025-06-03T08:05:24.123Z"}
{"level":"info","message":"Server running on port 8000","timestamp":"2025-06-03T08:05:26.163Z"}
{"level":"info","message":"MongoDB Connected: ac-zbtgmn9-shard-00-00.t3x3nwf.mongodb.net","timestamp":"2025-06-03T08:05:28.676Z"}
{"level":"info","message":"Server running on port 8000","timestamp":"2025-06-03T08:05:42.239Z"}
{"level":"info","message":"Server running on port 8000","timestamp":"2025-06-03T08:05:44.218Z"}
{"level":"info","message":"MongoDB Connected: ac-zbtgmn9-shard-00-00.t3x3nwf.mongodb.net","timestamp":"2025-06-03T08:05:46.480Z"}
{"level":"info","message":"Server running on port 8000","timestamp":"2025-06-03T08:06:05.999Z"}
{"level":"info","message":"MongoDB Connected: ac-zbtgmn9-shard-00-00.t3x3nwf.mongodb.net","timestamp":"2025-06-03T08:06:09.085Z"}
{"level":"info","message":"Server running on port 8000","timestamp":"2025-06-03T08:06:12.883Z"}
{"level":"info","message":"MongoDB Connected: ac-zbtgmn9-shard-00-00.t3x3nwf.mongodb.net","timestamp":"2025-06-03T08:06:15.440Z"}
{"level":"info","message":"Server running on port 8000","timestamp":"2025-06-03T08:06:33.182Z"}
{"level":"info","message":"Server running on port 8000","timestamp":"2025-06-03T08:06:35.241Z"}
{"level":"info","message":"MongoDB Connected: ac-zbtgmn9-shard-00-00.t3x3nwf.mongodb.net","timestamp":"2025-06-03T08:06:37.680Z"}
{"level":"info","message":"Server running on port 8000","timestamp":"2025-06-03T08:07:07.795Z"}
{"level":"info","message":"MongoDB Connected: ac-zbtgmn9-shard-00-00.t3x3nwf.mongodb.net","timestamp":"2025-06-03T08:07:10.445Z"}
{"level":"info","message":"Server running on port 8000","timestamp":"2025-06-03T08:07:14.108Z"}
{"level":"info","message":"Server running on port 8000","timestamp":"2025-06-03T08:07:17.076Z"}
{"level":"info","message":"MongoDB Connected: ac-zbtgmn9-shard-00-00.t3x3nwf.mongodb.net","timestamp":"2025-06-03T08:07:19.343Z"}
{"level":"info","message":"Server running on port 8000","timestamp":"2025-06-03T08:07:35.781Z"}
{"level":"info","message":"MongoDB Connected: ac-zbtgmn9-shard-00-00.t3x3nwf.mongodb.net","timestamp":"2025-06-03T08:07:38.150Z"}
{"level":"info","message":"Accessed root endpoint","timestamp":"2025-06-03T08:10:57.932Z"}
{"level":"error","message":"Failed to generate token: secretOrPrivateKey must have a value","timestamp":"2025-06-03T08:13:10.576Z"}
{"level":"error","message":"Token generation failed - Error: Token generation failed\n    at generateToken (file:///E:/imageProcessing/server/src/services/authService.js:11:11)\n    at file:///E:/imageProcessing/server/src/controllers/authController.js:28:17\n    at process.processTicksAndRejections (node:internal/process/task_queues:105:5)","timestamp":"2025-06-03T08:13:10.577Z"}
{"level":"info","message":"Server running on port 8000","timestamp":"2025-06-03T08:14:13.299Z"}
{"level":"info","message":"MongoDB Connected: ac-zbtgmn9-shard-00-00.t3x3nwf.mongodb.net","timestamp":"2025-06-03T08:14:16.478Z"}
{"level":"warn","message":"User already exists: ibrahim@nassar.com or ibrahim","timestamp":"2025-06-03T08:14:18.970Z"}
{"level":"error","message":"Username or email already exists - Error: Username or email already exists\n    at file:///E:/imageProcessing/server/src/controllers/authController.js:20:19\n    at process.processTicksAndRejections (node:internal/process/task_queues:105:5)","timestamp":"2025-06-03T08:14:18.970Z"}
{"level":"info","message":"Token generated for userId: 683eaef5f4091ecdc7514e62","timestamp":"2025-06-03T08:14:45.710Z"}
{"level":"info","message":"User registered: ibrahim","timestamp":"2025-06-03T08:14:45.711Z"}
{"level":"info","message":"Token generated for userId: 683eaef5f4091ecdc7514e62","timestamp":"2025-06-03T08:17:06.195Z"}
{"level":"info","message":"User logged in: ibrahim","timestamp":"2025-06-03T08:17:06.196Z"}
{"level":"info","message":"User logged out","timestamp":"2025-06-03T08:17:13.346Z"}
{"level":"info","message":"Token generated for userId: 683eaef5f4091ecdc7514e62","timestamp":"2025-06-03T08:17:53.497Z"}
{"level":"info","message":"User logged in: ibrahim","timestamp":"2025-06-03T08:17:53.497Z"}
{"level":"info","message":"Server running on port 8000","timestamp":"2025-06-03T08:18:39.490Z"}
{"level":"info","message":"MongoDB Connected: ac-zbtgmn9-shard-00-00.t3x3nwf.mongodb.net","timestamp":"2025-06-03T08:18:42.150Z"}
{"level":"info","message":"Token generated for userId: 683eaef5f4091ecdc7514e62","timestamp":"2025-06-03T08:18:44.302Z"}
{"level":"info","message":"User logged in: ibrahim","timestamp":"2025-06-03T08:18:44.303Z"}
{"level":"error","message":"Invalid token: secret or public key must be provided","timestamp":"2025-06-03T08:21:55.876Z"}
{"level":"error","message":"Invalid token - Error: Invalid token\n    at file:///E:/imageProcessing/server/src/middlewares/auth.js:31:17\n    at file:///E:/imageProcessing/server/src/utils/asyncHandler.js:2:21\n    at Layer.handleRequest (E:\\imageProcessing\\server\\node_modules\\router\\lib\\layer.js:152:17)\n    at next (E:\\imageProcessing\\server\\node_modules\\router\\lib\\route.js:157:13)\n    at Route.dispatch (E:\\imageProcessing\\server\\node_modules\\router\\lib\\route.js:117:3)\n    at handle (E:\\imageProcessing\\server\\node_modules\\router\\index.js:435:11)\n    at Layer.handleRequest (E:\\imageProcessing\\server\\node_modules\\router\\lib\\layer.js:152:17)\n    at E:\\imageProcessing\\server\\node_modules\\router\\index.js:295:15\n    at processParams (E:\\imageProcessing\\server\\node_modules\\router\\index.js:582:12)\n    at next (E:\\imageProcessing\\server\\node_modules\\router\\index.js:291:5)","timestamp":"2025-06-03T08:21:55.878Z"}
{"level":"info","message":"Token generated for userId: 683eaef5f4091ecdc7514e62","timestamp":"2025-06-03T08:22:37.886Z"}
{"level":"info","message":"User logged in: ibrahim","timestamp":"2025-06-03T08:22:37.886Z"}
{"level":"error","message":"Invalid token: secret or public key must be provided","timestamp":"2025-06-03T08:22:50.719Z"}
{"level":"error","message":"Invalid token - Error: Invalid token\n    at file:///E:/imageProcessing/server/src/middlewares/auth.js:31:17\n    at file:///E:/imageProcessing/server/src/utils/asyncHandler.js:2:21\n    at Layer.handleRequest (E:\\imageProcessing\\server\\node_modules\\router\\lib\\layer.js:152:17)\n    at next (E:\\imageProcessing\\server\\node_modules\\router\\lib\\route.js:157:13)\n    at Route.dispatch (E:\\imageProcessing\\server\\node_modules\\router\\lib\\route.js:117:3)\n    at handle (E:\\imageProcessing\\server\\node_modules\\router\\index.js:435:11)\n    at Layer.handleRequest (E:\\imageProcessing\\server\\node_modules\\router\\lib\\layer.js:152:17)\n    at E:\\imageProcessing\\server\\node_modules\\router\\index.js:295:15\n    at processParams (E:\\imageProcessing\\server\\node_modules\\router\\index.js:582:12)\n    at next (E:\\imageProcessing\\server\\node_modules\\router\\index.js:291:5)","timestamp":"2025-06-03T08:22:50.720Z"}
{"level":"info","message":"Server running on port 8000","timestamp":"2025-06-03T08:23:42.813Z"}
{"level":"info","message":"MongoDB Connected: ac-zbtgmn9-shard-00-00.t3x3nwf.mongodb.net","timestamp":"2025-06-03T08:23:46.058Z"}
{"level":"warn","message":"No file uploaded","timestamp":"2025-06-03T08:23:46.337Z"}
{"level":"error","message":"No file uploaded - Error: No file uploaded\n    at file:///E:/imageProcessing/server/src/controllers/imageController.js:9:19\n    at file:///E:/imageProcessing/server/src/utils/asyncHandler.js:2:21\n    at Layer.handleRequest (E:\\imageProcessing\\server\\node_modules\\router\\lib\\layer.js:152:17)\n    at next (E:\\imageProcessing\\server\\node_modules\\router\\lib\\route.js:157:13)\n    at multerMiddleware (E:\\imageProcessing\\server\\node_modules\\multer\\lib\\make-middleware.js:19:41)\n    at Layer.handleRequest (E:\\imageProcessing\\server\\node_modules\\router\\lib\\layer.js:152:17)\n    at next (E:\\imageProcessing\\server\\node_modules\\router\\lib\\route.js:157:13)\n    at file:///E:/imageProcessing/server/src/middlewares/auth.js:28:5\n    at process.processTicksAndRejections (node:internal/process/task_queues:105:5)","timestamp":"2025-06-03T08:23:46.338Z"}
{"level":"error","message":"Only JPEG and PNG images are allowed - Error: Only JPEG and PNG images are allowed\n    at fileFilter (file:///E:/imageProcessing/server/src/routes/images.js:22:8)\n    at wrappedFileFilter (E:\\imageProcessing\\server\\node_modules\\multer\\index.js:44:7)\n    at Multipart.<anonymous> (E:\\imageProcessing\\server\\node_modules\\multer\\lib\\make-middleware.js:121:7)\n    at Multipart.emit (node:events:507:28)\n    at HeaderParser.cb (E:\\imageProcessing\\server\\node_modules\\busboy\\lib\\types\\multipart.js:358:14)\n    at HeaderParser.push (E:\\imageProcessing\\server\\node_modules\\busboy\\lib\\types\\multipart.js:162:20)\n    at SBMH.ssCb [as _cb] (E:\\imageProcessing\\server\\node_modules\\busboy\\lib\\types\\multipart.js:394:37)\n    at feed (E:\\imageProcessing\\server\\node_modules\\streamsearch\\lib\\sbmh.js:248:10)\n    at SBMH.push (E:\\imageProcessing\\server\\node_modules\\streamsearch\\lib\\sbmh.js:104:16)\n    at Multipart._write (E:\\imageProcessing\\server\\node_modules\\busboy\\lib\\types\\multipart.js:567:19)","timestamp":"2025-06-03T08:23:56.031Z"}
{"level":"info","message":"Image uploaded to Cloudinary: image-service/uycebbt6zpbk674npcxc","timestamp":"2025-06-03T08:24:27.733Z"}
{"level":"info","message":"Image uploaded by user ibrahim: image-service/uycebbt6zpbk674npcxc","timestamp":"2025-06-03T08:24:27.952Z"}
{"level":"info","message":"Server running on port 8000","timestamp":"2025-06-03T08:47:28.443Z"}
{"level":"info","message":"MongoDB Connected: ac-zbtgmn9-shard-00-00.t3x3nwf.mongodb.net","timestamp":"2025-06-03T08:47:33.918Z"}
{"level":"info","message":"Server running on port 8000","timestamp":"2025-06-03T08:47:49.218Z"}
{"level":"info","message":"MongoDB Connected: ac-zbtgmn9-shard-00-00.t3x3nwf.mongodb.net","timestamp":"2025-06-03T08:47:51.788Z"}
{"level":"info","message":"Server running on port 8000","timestamp":"2025-06-03T08:48:07.509Z"}
{"level":"info","message":"MongoDB Connected: ac-zbtgmn9-shard-00-00.t3x3nwf.mongodb.net","timestamp":"2025-06-03T08:48:09.897Z"}
{"level":"info","message":"Server running on port 8000","timestamp":"2025-06-03T08:48:24.787Z"}
{"level":"info","message":"MongoDB Connected: ac-zbtgmn9-shard-00-00.t3x3nwf.mongodb.net","timestamp":"2025-06-03T08:48:27.613Z"}
{"level":"info","message":"Server running on port 8000","timestamp":"2025-06-03T08:48:37.278Z"}
{"level":"info","message":"MongoDB Connected: ac-zbtgmn9-shard-00-00.t3x3nwf.mongodb.net","timestamp":"2025-06-03T08:48:39.989Z"}
{"level":"info","message":"Server running on port 8000","timestamp":"2025-06-03T08:48:46.796Z"}
{"level":"info","message":"MongoDB Connected: ac-zbtgmn9-shard-00-00.t3x3nwf.mongodb.net","timestamp":"2025-06-03T08:48:49.226Z"}
{"level":"info","message":"Server running on port 8000","timestamp":"2025-06-03T08:48:57.973Z"}
{"level":"info","message":"MongoDB Connected: ac-zbtgmn9-shard-00-00.t3x3nwf.mongodb.net","timestamp":"2025-06-03T08:49:01.859Z"}
{"level":"info","message":"Server running on port 8000","timestamp":"2025-06-03T08:51:49.558Z"}
{"level":"info","message":"MongoDB Connected: ac-zbtgmn9-shard-00-00.t3x3nwf.mongodb.net","timestamp":"2025-06-03T08:51:52.289Z"}
{"level":"info","message":"Server running on port 8000","timestamp":"2025-06-03T08:53:39.551Z"}
{"level":"info","message":"MongoDB Connected: ac-zbtgmn9-shard-00-00.t3x3nwf.mongodb.net","timestamp":"2025-06-03T08:53:42.816Z"}
{"level":"error","message":"Cannot read properties of undefined (reading 'transformations') - TypeError: Cannot read properties of undefined (reading 'transformations')\n    at file:///E:/imageProcessing/server/src/controllers/imageController.js:79:36\n    at file:///E:/imageProcessing/server/src/utils/asyncHandler.js:2:21\n    at Layer.handleRequest (E:\\imageProcessing\\server\\node_modules\\router\\lib\\layer.js:152:17)\n    at next (E:\\imageProcessing\\server\\node_modules\\router\\lib\\route.js:157:13)\n    at file:///E:/imageProcessing/server/src/middlewares/auth.js:28:5\n    at process.processTicksAndRejections (node:internal/process/task_queues:105:5)","timestamp":"2025-06-03T08:54:29.162Z"}
{"level":"error","message":"Cast to ObjectId failed for value \":683eb13b3c2dc2777af88cd3\" (type string) at path \"_id\" for model \"Image\" - CastError: Cast to ObjectId failed for value \":683eb13b3c2dc2777af88cd3\" (type string) at path \"_id\" for model \"Image\"\n    at SchemaObjectId.cast (E:\\imageProcessing\\server\\node_modules\\mongoose\\lib\\schema\\objectId.js:251:11)\n    at SchemaType.applySetters (E:\\imageProcessing\\server\\node_modules\\mongoose\\lib\\schemaType.js:1255:12)\n    at SchemaType.castForQuery (E:\\imageProcessing\\server\\node_modules\\mongoose\\lib\\schemaType.js:1673:17)\n    at cast (E:\\imageProcessing\\server\\node_modules\\mongoose\\lib\\cast.js:390:32)\n    at Query.cast (E:\\imageProcessing\\server\\node_modules\\mongoose\\lib\\query.js:5055:12)\n    at Query._castConditions (E:\\imageProcessing\\server\\node_modules\\mongoose\\lib\\query.js:2351:10)\n    at model.Query._findOne (E:\\imageProcessing\\server\\node_modules\\mongoose\\lib\\query.js:2674:8)\n    at model.Query.exec (E:\\imageProcessing\\server\\node_modules\\mongoose\\lib\\query.js:4604:80)\n    at process.processTicksAndRejections (node:internal/process/task_queues:105:5)\n    at async file:///E:/imageProcessing/server/src/controllers/imageController.js:88:17","timestamp":"2025-06-03T08:55:59.834Z"}
{"level":"info","message":"Image transformed: image-service/uycebbt6zpbk674npcxc","timestamp":"2025-06-03T08:56:18.099Z"}
{"level":"info","message":"Image transformed for user ibrahim: image-service/uycebbt6zpbk674npcxc","timestamp":"2025-06-03T08:56:18.100Z"}
{"level":"info","message":"Server running on port 8000","timestamp":"2025-06-03T10:57:35.289Z"}
{"level":"info","message":"MongoDB Connected: ac-zbtgmn9-shard-00-00.t3x3nwf.mongodb.net","timestamp":"2025-06-03T10:57:38.137Z"}
{"level":"info","message":"Server running on port 8000","timestamp":"2025-06-03T11:09:16.567Z"}
{"level":"info","message":"MongoDB Connected: ac-zbtgmn9-shard-00-00.t3x3nwf.mongodb.net","timestamp":"2025-06-03T11:09:19.608Z"}
{"level":"info","message":"Server running on port 8000","timestamp":"2025-06-03T11:09:30.710Z"}
{"level":"info","message":"Connected to Redis","timestamp":"2025-06-03T11:09:30.762Z"}
{"level":"info","message":"MongoDB Connected: ac-zbtgmn9-shard-00-00.t3x3nwf.mongodb.net","timestamp":"2025-06-03T11:09:33.060Z"}
{"level":"error","message":"Invalid token: jwt expired","timestamp":"2025-06-03T11:13:05.506Z"}
{"level":"error","message":"Invalid token - Error: Invalid token\n    at file:///E:/imageProcessing/server/src/middlewares/auth.js:31:17\n    at file:///E:/imageProcessing/server/src/utils/asyncHandler.js:2:21\n    at Layer.handleRequest (E:\\imageProcessing\\server\\node_modules\\router\\lib\\layer.js:152:17)\n    at next (E:\\imageProcessing\\server\\node_modules\\router\\lib\\route.js:157:13)\n    at Route.dispatch (E:\\imageProcessing\\server\\node_modules\\router\\lib\\route.js:117:3)\n    at handle (E:\\imageProcessing\\server\\node_modules\\router\\index.js:435:11)\n    at Layer.handleRequest (E:\\imageProcessing\\server\\node_modules\\router\\lib\\layer.js:152:17)\n    at E:\\imageProcessing\\server\\node_modules\\router\\index.js:295:15\n    at param (E:\\imageProcessing\\server\\node_modules\\router\\index.js:600:14)\n    at param (E:\\imageProcessing\\server\\node_modules\\router\\index.js:610:14)","timestamp":"2025-06-03T11:13:05.507Z"}
{"level":"info","message":"Token generated for userId: 683eaef5f4091ecdc7514e62","timestamp":"2025-06-03T11:13:14.507Z"}
{"level":"info","message":"User logged in: ibrahim","timestamp":"2025-06-03T11:13:14.507Z"}
{"level":"info","message":"Image transformed: image-service/uycebbt6zpbk674npcxc","timestamp":"2025-06-03T11:13:26.508Z"}
{"level":"info","message":"Cached data for key: transform:image-service/uycebbt6zpbk674npcxc:{\"resize\":{\"width\":200,\"height\":200},\"filters\":{\"grayscale\":true},\"format\":\"png\"}","timestamp":"2025-06-03T11:13:26.509Z"}
{"level":"info","message":"Image transformed for user ibrahim: image-service/uycebbt6zpbk674npcxc","timestamp":"2025-06-03T11:13:26.510Z"}
{"level":"info","message":"Serving cached transformed image: transform:image-service/uycebbt6zpbk674npcxc:{\"resize\":{\"width\":200,\"height\":200},\"filters\":{\"grayscale\":true},\"format\":\"png\"}","timestamp":"2025-06-03T11:14:33.342Z"}
{"level":"info","message":"Server running on port 8000","timestamp":"2025-06-03T11:16:32.100Z"}
{"level":"info","message":"Connected to Redis","timestamp":"2025-06-03T11:16:32.109Z"}
{"level":"info","message":"MongoDB Connected: ac-zbtgmn9-shard-00-00.t3x3nwf.mongodb.net","timestamp":"2025-06-03T11:16:37.194Z"}
{"level":"info","message":"Server running on port 8000","timestamp":"2025-06-03T11:17:07.220Z"}
{"level":"info","message":"Connected to Redis","timestamp":"2025-06-03T11:17:07.230Z"}
{"level":"info","message":"MongoDB Connected: ac-zbtgmn9-shard-00-00.t3x3nwf.mongodb.net","timestamp":"2025-06-03T11:17:09.686Z"}
{"level":"info","message":"Server running on port 8000","timestamp":"2025-06-03T11:17:23.519Z"}
{"level":"info","message":"Connected to Redis","timestamp":"2025-06-03T11:17:23.568Z"}
{"level":"info","message":"MongoDB Connected: ac-zbtgmn9-shard-00-00.t3x3nwf.mongodb.net","timestamp":"2025-06-03T11:17:25.811Z"}
{"level":"info","message":"Server running on port 8000","timestamp":"2025-06-03T11:27:13.565Z"}
{"level":"info","message":"Connected to Redis","timestamp":"2025-06-03T11:27:13.575Z"}
{"level":"info","message":"MongoDB Connected: ac-zbtgmn9-shard-00-00.t3x3nwf.mongodb.net","timestamp":"2025-06-03T11:27:17.452Z"}
{"level":"info","message":"Server running on port 8000","timestamp":"2025-06-03T11:32:44.669Z"}
{"level":"info","message":"Connected to Redis","timestamp":"2025-06-03T11:32:44.687Z"}
{"level":"info","message":"MongoDB Connected: ac-zbtgmn9-shard-00-00.t3x3nwf.mongodb.net","timestamp":"2025-06-03T11:32:47.849Z"}
{"level":"info","message":"Server running on port 8000","timestamp":"2025-06-03T11:33:39.557Z"}
{"level":"info","message":"Connected to Redis","timestamp":"2025-06-03T11:33:39.575Z"}
{"level":"info","message":"MongoDB Connected: ac-zbtgmn9-shard-00-00.t3x3nwf.mongodb.net","timestamp":"2025-06-03T11:33:43.440Z"}
{"level":"info","message":"Server running on port 8000","timestamp":"2025-06-03T11:33:52.405Z"}
{"level":"info","message":"Connected to Redis","timestamp":"2025-06-03T11:33:52.422Z"}
{"level":"info","message":"MongoDB Connected: ac-zbtgmn9-shard-00-00.t3x3nwf.mongodb.net","timestamp":"2025-06-03T11:33:57.757Z"}
{"level":"info","message":"Server running on port 8000","timestamp":"2025-06-03T11:34:28.257Z"}
{"level":"info","message":"Connected to Redis","timestamp":"2025-06-03T11:34:28.336Z"}
{"level":"info","message":"MongoDB Connected: ac-zbtgmn9-shard-00-00.t3x3nwf.mongodb.net","timestamp":"2025-06-03T11:34:30.666Z"}
{"level":"info","message":"Server running on port 8000","timestamp":"2025-06-03T11:35:39.270Z"}
{"level":"info","message":"Connected to Redis","timestamp":"2025-06-03T11:35:39.295Z"}
{"level":"info","message":"MongoDB Connected: ac-zbtgmn9-shard-00-00.t3x3nwf.mongodb.net","timestamp":"2025-06-03T11:35:42.919Z"}
{"level":"info","message":"Server running on port 8000","timestamp":"2025-06-03T11:36:00.304Z"}
{"level":"info","message":"Connected to Redis","timestamp":"2025-06-03T11:36:00.382Z"}
{"level":"info","message":"MongoDB Connected: ac-zbtgmn9-shard-00-00.t3x3nwf.mongodb.net","timestamp":"2025-06-03T11:36:02.904Z"}
{"level":"info","message":"Server running on port 8000","timestamp":"2025-06-03T11:38:54.516Z"}
{"level":"info","message":"Connected to Redis","timestamp":"2025-06-03T11:38:54.537Z"}
{"level":"info","message":"MongoDB Connected: ac-zbtgmn9-shard-00-00.t3x3nwf.mongodb.net","timestamp":"2025-06-03T11:38:58.877Z"}
{"level":"info","message":"Image deleted from Cloudinary: image-service/uycebbt6zpbk674npcxc","timestamp":"2025-06-03T11:39:42.369Z"}
{"level":"info","message":"Image deleted by user ibrahim: image-service/uycebbt6zpbk674npcxc","timestamp":"2025-06-03T11:39:43.000Z"}
{"level":"error","message":"Unexpected field - MulterError: Unexpected field\n    at wrappedFileFilter (E:\\imageProcessing\\server\\node_modules\\multer\\index.js:40:19)\n    at Multipart.<anonymous> (E:\\imageProcessing\\server\\node_modules\\multer\\lib\\make-middleware.js:121:7)\n    at Multipart.emit (node:events:507:28)\n    at HeaderParser.cb (E:\\imageProcessing\\server\\node_modules\\busboy\\lib\\types\\multipart.js:358:14)\n    at HeaderParser.push (E:\\imageProcessing\\server\\node_modules\\busboy\\lib\\types\\multipart.js:162:20)\n    at SBMH.ssCb [as _cb] (E:\\imageProcessing\\server\\node_modules\\busboy\\lib\\types\\multipart.js:394:37)\n    at feed (E:\\imageProcessing\\server\\node_modules\\streamsearch\\lib\\sbmh.js:200:10)\n    at SBMH.push (E:\\imageProcessing\\server\\node_modules\\streamsearch\\lib\\sbmh.js:104:16)\n    at Multipart._write (E:\\imageProcessing\\server\\node_modules\\busboy\\lib\\types\\multipart.js:567:19)\n    at writeOrBuffer (node:internal/streams/writable:570:12)","timestamp":"2025-06-03T11:41:33.014Z"}
{"level":"info","message":"Image uploaded to Cloudinary: image-service/xryfculwe9yrjg2qchwl","timestamp":"2025-06-03T11:43:20.659Z"}
{"level":"info","message":"Image uploaded by user ibrahim: image-service/xryfculwe9yrjg2qchwl","timestamp":"2025-06-03T11:43:20.986Z"}
{"level":"info","message":"Image deleted from Cloudinary: image-service/xryfculwe9yrjg2qchwl","timestamp":"2025-06-03T11:44:04.321Z"}
{"level":"info","message":"Image deleted by user ibrahim: image-service/xryfculwe9yrjg2qchwl","timestamp":"2025-06-03T11:44:04.621Z"}
{"level":"error","message":"Invalid token: jwt malformed","timestamp":"2025-06-03T11:45:38.257Z"}
{"level":"error","message":"Invalid token - Error: Invalid token\n    at file:///E:/imageProcessing/server/src/middlewares/auth.js:31:17\n    at file:///E:/imageProcessing/server/src/utils/asyncHandler.js:2:21\n    at Layer.handleRequest (E:\\imageProcessing\\server\\node_modules\\router\\lib\\layer.js:152:17)\n    at next (E:\\imageProcessing\\server\\node_modules\\router\\lib\\route.js:157:13)\n    at Route.dispatch (E:\\imageProcessing\\server\\node_modules\\router\\lib\\route.js:117:3)\n    at handle (E:\\imageProcessing\\server\\node_modules\\router\\index.js:435:11)\n    at Layer.handleRequest (E:\\imageProcessing\\server\\node_modules\\router\\lib\\layer.js:152:17)\n    at E:\\imageProcessing\\server\\node_modules\\router\\index.js:295:15\n    at param (E:\\imageProcessing\\server\\node_modules\\router\\index.js:600:14)\n    at param (E:\\imageProcessing\\server\\node_modules\\router\\index.js:610:14)","timestamp":"2025-06-03T11:45:38.258Z"}
{"level":"info","message":"Token generated for userId: 683eaef5f4091ecdc7514e62","timestamp":"2025-06-03T11:45:47.377Z"}
{"level":"info","message":"User logged in: ibrahim","timestamp":"2025-06-03T11:45:47.377Z"}
{"level":"warn","message":"Image not found: 683edfd8d5ce26c72720d360","timestamp":"2025-06-03T11:45:59.541Z"}
{"level":"error","message":"Image not found - Error: Image not found\n    at file:///E:/imageProcessing/server/src/controllers/imageController.js:92:19\n    at process.processTicksAndRejections (node:internal/process/task_queues:105:5)","timestamp":"2025-06-03T11:45:59.543Z"}
{"level":"warn","message":"No file uploaded","timestamp":"2025-06-03T11:46:13.111Z"}
{"level":"error","message":"No file uploaded - Error: No file uploaded\n    at file:///E:/imageProcessing/server/src/controllers/imageController.js:10:19\n    at file:///E:/imageProcessing/server/src/utils/asyncHandler.js:2:21\n    at Layer.handleRequest (E:\\imageProcessing\\server\\node_modules\\router\\lib\\layer.js:152:17)\n    at next (E:\\imageProcessing\\server\\node_modules\\router\\lib\\route.js:157:13)\n    at multerMiddleware (E:\\imageProcessing\\server\\node_modules\\multer\\lib\\make-middleware.js:19:41)\n    at Layer.handleRequest (E:\\imageProcessing\\server\\node_modules\\router\\lib\\layer.js:152:17)\n    at next (E:\\imageProcessing\\server\\node_modules\\router\\lib\\route.js:157:13)\n    at file:///E:/imageProcessing/server/src/middlewares/auth.js:28:5\n    at process.processTicksAndRejections (node:internal/process/task_queues:105:5)","timestamp":"2025-06-03T11:46:13.112Z"}
{"level":"info","message":"Image uploaded to Cloudinary: image-service/sy5ob0m3iinm1wywqmxz","timestamp":"2025-06-03T11:46:21.918Z"}
{"level":"info","message":"Image uploaded by user ibrahim: image-service/sy5ob0m3iinm1wywqmxz","timestamp":"2025-06-03T11:46:22.211Z"}
{"level":"info","message":"Image transformed: image-service/sy5ob0m3iinm1wywqmxz","timestamp":"2025-06-03T11:46:31.141Z"}
{"level":"info","message":"Cached data for key: transform:image-service/sy5ob0m3iinm1wywqmxz:{\"resize\":{\"width\":200,\"height\":200},\"filters\":{\"grayscale\":true},\"format\":\"png\"}","timestamp":"2025-06-03T11:46:31.143Z"}
{"level":"info","message":"Image transformed for user ibrahim: image-service/sy5ob0m3iinm1wywqmxz","timestamp":"2025-06-03T11:46:31.144Z"}
{"level":"info","message":"Metadata updated for image image-service/sy5ob0m3iinm1wywqmxz by user ibrahim","timestamp":"2025-06-03T11:48:42.489Z"}
{"level":"info","message":"Server running on port 8000","timestamp":"2025-06-03T12:07:30.958Z"}
{"level":"info","message":"Connected to Redis","timestamp":"2025-06-03T12:07:30.971Z"}
{"level":"info","message":"MongoDB Connected: ac-zbtgmn9-shard-00-00.t3x3nwf.mongodb.net","timestamp":"2025-06-03T12:07:33.771Z"}
{"level":"info","message":"Server running on port 8000","timestamp":"2025-06-03T12:18:30.342Z"}
{"level":"info","message":"Connected to Redis","timestamp":"2025-06-03T12:18:30.435Z"}
{"level":"info","message":"MongoDB Connected: ac-zbtgmn9-shard-00-00.t3x3nwf.mongodb.net","timestamp":"2025-06-03T12:18:33.866Z"}
{"level":"info","message":"MongoDB Connected: ac-zbtgmn9-shard-00-00.t3x3nwf.mongodb.net","timestamp":"2025-06-03T12:18:33.960Z"}
{"level":"info","message":"Starting Auth API tests","timestamp":"2025-06-03T12:19:00.333Z"}
{"level":"info","message":"Users collection cleared after test","timestamp":"2025-06-03T12:19:00.567Z"}
{"level":"info","message":"Users collection cleared after test","timestamp":"2025-06-03T12:19:00.834Z"}
{"level":"info","message":"Users collection cleared after test","timestamp":"2025-06-03T12:19:01.064Z"}
{"level":"info","message":"Users collection cleared after test","timestamp":"2025-06-03T12:19:01.307Z"}
{"level":"info","message":"Users collection cleared after test","timestamp":"2025-06-03T12:19:01.537Z"}
{"level":"info","message":"Finished Auth API tests","timestamp":"2025-06-03T12:19:01.541Z"}
{"level":"info","message":"MongoDB Memory Server started at mongodb://127.0.0.1:61898/","timestamp":"2025-06-03T12:28:16.643Z"}
{"level":"info","message":"Server running on port 8000","timestamp":"2025-06-03T12:49:32.875Z"}
{"level":"info","message":"Connected to Redis","timestamp":"2025-06-03T12:49:32.898Z"}
{"level":"info","message":"Starting Auth API tests","timestamp":"2025-06-03T12:49:33.454Z"}
{"level":"info","message":"MongoDB Connected: ac-zbtgmn9-shard-00-00.t3x3nwf.mongodb.net","timestamp":"2025-06-03T12:49:36.427Z"}
{"level":"info","message":"Users collection cleared after test","timestamp":"2025-06-03T12:49:36.761Z"}
{"level":"info","message":"Users collection cleared after test","timestamp":"2025-06-03T12:49:37.087Z"}
{"level":"info","message":"Users collection cleared after test","timestamp":"2025-06-03T12:49:37.398Z"}
{"level":"info","message":"Users collection cleared after test","timestamp":"2025-06-03T12:49:37.652Z"}
{"level":"info","message":"Users collection cleared after test","timestamp":"2025-06-03T12:49:37.917Z"}
{"level":"info","message":"Finished Auth API tests","timestamp":"2025-06-03T12:49:37.921Z"}
{"level":"info","message":"MongoDB Memory Server stopped","timestamp":"2025-06-03T12:49:38.051Z"}
{"level":"info","message":"MongoDB Connected: ac-zbtgmn9-shard-00-00.t3x3nwf.mongodb.net","timestamp":"2025-06-03T12:49:41.573Z"}
{"level":"info","message":"Server running on port 8000","timestamp":"2025-06-03T12:50:58.543Z"}
{"level":"info","message":"Connected to Redis","timestamp":"2025-06-03T12:50:58.579Z"}
{"level":"info","message":"Starting Auth API tests","timestamp":"2025-06-03T12:50:59.774Z"}
{"level":"info","message":"MongoDB Connected: ac-zbtgmn9-shard-00-00.t3x3nwf.mongodb.net","timestamp":"2025-06-03T12:51:01.431Z"}
{"level":"info","message":"Users collection cleared after test","timestamp":"2025-06-03T12:51:01.964Z"}
{"level":"info","message":"Users collection cleared after test","timestamp":"2025-06-03T12:51:02.209Z"}
{"level":"info","message":"Users collection cleared after test","timestamp":"2025-06-03T12:51:02.534Z"}
{"level":"info","message":"Users collection cleared after test","timestamp":"2025-06-03T12:51:03.291Z"}
{"level":"info","message":"Users collection cleared after test","timestamp":"2025-06-03T12:51:03.564Z"}
{"level":"info","message":"Finished Auth API tests","timestamp":"2025-06-03T12:51:03.568Z"}
{"level":"info","message":"MongoDB Memory Server stopped","timestamp":"2025-06-03T12:51:03.668Z"}
{"level":"info","message":"MongoDB Connected: ac-zbtgmn9-shard-00-00.t3x3nwf.mongodb.net","timestamp":"2025-06-03T12:51:07.282Z"}
{"level":"info","message":"Server running on port 8000","timestamp":"2025-06-03T12:55:32.650Z"}
{"level":"info","message":"Connected to Redis","timestamp":"2025-06-03T12:55:32.657Z"}
{"level":"info","message":"MongoDB Connected: ac-zbtgmn9-shard-00-00.t3x3nwf.mongodb.net","timestamp":"2025-06-03T12:55:36.708Z"}
{"level":"info","message":"Server running on port 8000","timestamp":"2025-06-03T12:55:59.270Z"}
{"level":"info","message":"Connected to Redis","timestamp":"2025-06-03T12:55:59.400Z"}
{"level":"info","message":"Starting Auth API tests","timestamp":"2025-06-03T12:55:59.951Z"}
{"level":"info","message":"MongoDB Connected: ac-zbtgmn9-shard-00-00.t3x3nwf.mongodb.net","timestamp":"2025-06-03T12:56:01.812Z"}
{"level":"info","message":"Users collection cleared after test","timestamp":"2025-06-03T12:56:02.051Z"}
{"level":"info","message":"Users collection cleared after test","timestamp":"2025-06-03T12:56:02.266Z"}
{"level":"info","message":"Users collection cleared after test","timestamp":"2025-06-03T12:56:02.480Z"}
{"level":"info","message":"Users collection cleared after test","timestamp":"2025-06-03T12:56:02.697Z"}
{"level":"info","message":"Users collection cleared after test","timestamp":"2025-06-03T12:56:02.906Z"}
{"level":"info","message":"Finished Auth API tests","timestamp":"2025-06-03T12:56:02.910Z"}
{"level":"info","message":"Redis client disconnected","timestamp":"2025-06-03T12:56:02.997Z"}
{"level":"info","message":"MongoDB Memory Server stopped","timestamp":"2025-06-03T12:56:02.999Z"}
{"level":"info","message":"Server running on port 8000","timestamp":"2025-06-03T12:56:03.462Z"}
{"level":"info","message":"Connected to Redis","timestamp":"2025-06-03T12:56:03.488Z"}
{"level":"info","message":"MongoDB Connected: ac-zbtgmn9-shard-00-00.t3x3nwf.mongodb.net","timestamp":"2025-06-03T12:56:05.915Z"}
{"level":"info","message":"Token generated for userId: 683ef0e614e29262f2e39dac","timestamp":"2025-06-03T12:56:06.410Z"}
{"level":"info","message":"User registered: testuser","timestamp":"2025-06-03T12:56:06.413Z"}
{"level":"info","message":"Test user registered for Images API tests","timestamp":"2025-06-03T12:56:06.422Z"}
{"level":"info","message":"Images collection cleared after test","timestamp":"2025-06-03T12:56:06.670Z"}
{"level":"info","message":"Images collection cleared after test","timestamp":"2025-06-03T12:56:06.889Z"}
{"level":"info","message":"Images collection cleared after test","timestamp":"2025-06-03T12:56:07.106Z"}
{"level":"info","message":"Images collection cleared after test","timestamp":"2025-06-03T12:56:07.304Z"}
{"level":"info","message":"Images collection cleared after test","timestamp":"2025-06-03T12:56:07.505Z"}
{"level":"info","message":"Images collection cleared after test","timestamp":"2025-06-03T12:56:07.708Z"}
{"level":"info","message":"Users collection cleared after all tests","timestamp":"2025-06-03T12:56:07.906Z"}
{"level":"info","message":"Redis client disconnected","timestamp":"2025-06-03T12:56:07.984Z"}
{"level":"info","message":"MongoDB Memory Server stopped","timestamp":"2025-06-03T12:56:07.986Z"}
{"level":"info","message":"Server running on port 8000","timestamp":"2025-06-03T12:58:14.071Z"}
{"level":"info","message":"Connected to Redis","timestamp":"2025-06-03T12:58:14.096Z"}
{"level":"info","message":"Starting Auth API tests","timestamp":"2025-06-03T12:58:14.640Z"}
{"level":"info","message":"MongoDB Connected: ac-zbtgmn9-shard-00-00.t3x3nwf.mongodb.net","timestamp":"2025-06-03T12:58:16.926Z"}
{"level":"info","message":"Users collection cleared after test","timestamp":"2025-06-03T12:58:17.236Z"}
{"level":"info","message":"Users collection cleared after test","timestamp":"2025-06-03T12:58:17.521Z"}
{"level":"info","message":"Users collection cleared after test","timestamp":"2025-06-03T12:58:17.743Z"}
{"level":"info","message":"Users collection cleared after test","timestamp":"2025-06-03T12:58:17.959Z"}
{"level":"info","message":"Users collection cleared after test","timestamp":"2025-06-03T12:58:18.170Z"}
{"level":"info","message":"Finished Auth API tests","timestamp":"2025-06-03T12:58:18.174Z"}
{"level":"info","message":"Redis client disconnected","timestamp":"2025-06-03T12:58:18.274Z"}
{"level":"info","message":"MongoDB Memory Server stopped","timestamp":"2025-06-03T12:58:18.276Z"}
{"level":"info","message":"Server running on port 8000","timestamp":"2025-06-03T12:58:18.709Z"}
{"level":"info","message":"Connected to Redis","timestamp":"2025-06-03T12:58:18.748Z"}
{"level":"info","message":"MongoDB Connected: ac-zbtgmn9-shard-00-00.t3x3nwf.mongodb.net","timestamp":"2025-06-03T12:58:21.293Z"}
{"level":"info","message":"Token generated for userId: 683ef16d7766f060bd166be1","timestamp":"2025-06-03T12:58:21.849Z"}
{"level":"info","message":"User registered: testuser","timestamp":"2025-06-03T12:58:21.852Z"}
{"level":"info","message":"Test user registered for Images API tests","timestamp":"2025-06-03T12:58:21.862Z"}
{"level":"info","message":"Images collection cleared after test","timestamp":"2025-06-03T12:58:22.133Z"}
{"level":"info","message":"Images collection cleared after test","timestamp":"2025-06-03T12:58:22.390Z"}
{"level":"info","message":"Images collection cleared after test","timestamp":"2025-06-03T12:58:22.627Z"}
{"level":"info","message":"Images collection cleared after test","timestamp":"2025-06-03T12:58:22.878Z"}
{"level":"info","message":"Images collection cleared after test","timestamp":"2025-06-03T12:58:23.089Z"}
{"level":"info","message":"Images collection cleared after test","timestamp":"2025-06-03T12:58:23.325Z"}
{"level":"info","message":"Users collection cleared after all tests","timestamp":"2025-06-03T12:58:23.553Z"}
{"level":"info","message":"Redis client disconnected","timestamp":"2025-06-03T12:58:23.641Z"}
{"level":"info","message":"MongoDB Memory Server stopped","timestamp":"2025-06-03T12:58:23.643Z"}
{"level":"info","message":"Server running on port 8000","timestamp":"2025-06-03T12:58:45.171Z"}
{"level":"info","message":"Connected to Redis","timestamp":"2025-06-03T12:58:45.229Z"}
{"level":"info","message":"MongoDB Connected: ac-zbtgmn9-shard-00-00.t3x3nwf.mongodb.net","timestamp":"2025-06-03T12:58:47.757Z"}
{"level":"info","message":"Server running on port 8000","timestamp":"2025-06-03T12:58:57.903Z"}
{"level":"info","message":"Connected to Redis","timestamp":"2025-06-03T12:58:57.917Z"}
{"level":"info","message":"MongoDB Connected: ac-zbtgmn9-shard-00-00.t3x3nwf.mongodb.net","timestamp":"2025-06-03T12:59:00.571Z"}
{"level":"info","message":"Server running on port 8000","timestamp":"2025-06-03T13:04:06.142Z"}
{"level":"info","message":"Connected to Redis","timestamp":"2025-06-03T13:04:06.155Z"}
{"level":"info","message":"MongoDB Connected: ac-zbtgmn9-shard-00-00.t3x3nwf.mongodb.net","timestamp":"2025-06-03T13:04:08.562Z"}
{"level":"error","message":"Invalid token: jwt expired","timestamp":"2025-06-03T13:06:41.573Z"}
{"level":"error","message":"Invalid token - Error: Invalid token\n    at file:///E:/imageProcessing/server/src/middlewares/auth.js:31:17\n    at file:///E:/imageProcessing/server/src/utils/asyncHandler.js:2:21\n    at Layer.handleRequest (E:\\imageProcessing\\server\\node_modules\\router\\lib\\layer.js:152:17)\n    at next (E:\\imageProcessing\\server\\node_modules\\router\\lib\\route.js:157:13)\n    at Route.dispatch (E:\\imageProcessing\\server\\node_modules\\router\\lib\\route.js:117:3)\n    at handle (E:\\imageProcessing\\server\\node_modules\\router\\index.js:435:11)\n    at Layer.handleRequest (E:\\imageProcessing\\server\\node_modules\\router\\lib\\layer.js:152:17)\n    at E:\\imageProcessing\\server\\node_modules\\router\\index.js:295:15\n    at param (E:\\imageProcessing\\server\\node_modules\\router\\index.js:600:14)\n    at param (E:\\imageProcessing\\server\\node_modules\\router\\index.js:610:14)","timestamp":"2025-06-03T13:06:41.574Z"}
{"level":"warn","message":"Invalid credentials for email: ibrahim@nassar.com","timestamp":"2025-06-03T13:06:48.513Z"}
{"level":"error","message":"Invalid credentials - Error: Invalid credentials\n    at file:///E:/imageProcessing/server/src/controllers/authController.js:50:19\n    at process.processTicksAndRejections (node:internal/process/task_queues:105:5)","timestamp":"2025-06-03T13:06:48.514Z"}
{"level":"info","message":"Server running on port 8000","timestamp":"2025-06-03T13:07:49.203Z"}
{"level":"info","message":"Connected to Redis","timestamp":"2025-06-03T13:07:49.212Z"}
{"level":"info","message":"MongoDB Connected: ac-zbtgmn9-shard-00-00.t3x3nwf.mongodb.net","timestamp":"2025-06-03T13:07:51.807Z"}
{"level":"warn","message":"Invalid credentials for email: ibrahim@nassar.com","timestamp":"2025-06-03T13:07:56.615Z"}
{"level":"error","message":"Invalid credentials - Error: Invalid credentials\n    at file:///E:/imageProcessing/server/src/controllers/authController.js:50:19\n    at process.processTicksAndRejections (node:internal/process/task_queues:105:5)","timestamp":"2025-06-03T13:07:56.616Z"}
{"level":"info","message":"Token generated for userId: 683ef410098bc476ec9557a2","timestamp":"2025-06-03T13:09:36.434Z"}
{"level":"info","message":"User registered: ibrahim","timestamp":"2025-06-03T13:09:36.435Z"}
{"level":"warn","message":"Validation error: \"username\" is required","timestamp":"2025-06-03T13:09:41.057Z"}
{"level":"error","message":"\"username\" is required - Error: \"username\" is required\n    at file:///E:/imageProcessing/server/src/middlewares/validate.js:10:19\n    at Layer.handleRequest (E:\\imageProcessing\\server\\node_modules\\router\\lib\\layer.js:152:17)\n    at next (E:\\imageProcessing\\server\\node_modules\\router\\lib\\route.js:157:13)\n    at Route.dispatch (E:\\imageProcessing\\server\\node_modules\\router\\lib\\route.js:117:3)\n    at handle (E:\\imageProcessing\\server\\node_modules\\router\\index.js:435:11)\n    at Layer.handleRequest (E:\\imageProcessing\\server\\node_modules\\router\\lib\\layer.js:152:17)\n    at E:\\imageProcessing\\server\\node_modules\\router\\index.js:295:15\n    at processParams (E:\\imageProcessing\\server\\node_modules\\router\\index.js:582:12)\n    at next (E:\\imageProcessing\\server\\node_modules\\router\\index.js:291:5)\n    at Function.handle (E:\\imageProcessing\\server\\node_modules\\router\\index.js:186:3)","timestamp":"2025-06-03T13:09:41.058Z"}
{"level":"info","message":"Token generated for userId: 683ef410098bc476ec9557a2","timestamp":"2025-06-03T13:09:54.292Z"}
{"level":"info","message":"User logged in: ibrahim","timestamp":"2025-06-03T13:09:54.293Z"}
{"level":"info","message":"Image uploaded to Cloudinary: image-service/y7v03j5j3hs4f7rpyysm","timestamp":"2025-06-03T13:10:19.501Z"}
{"level":"info","message":"Image uploaded by user ibrahim: image-service/y7v03j5j3hs4f7rpyysm","timestamp":"2025-06-03T13:10:19.727Z"}
{"level":"error","message":"Invalid token: jwt expired","timestamp":"2025-06-03T13:10:31.665Z"}
{"level":"error","message":"Invalid token - Error: Invalid token\n    at file:///E:/imageProcessing/server/src/middlewares/auth.js:31:17\n    at file:///E:/imageProcessing/server/src/utils/asyncHandler.js:2:21\n    at Layer.handleRequest (E:\\imageProcessing\\server\\node_modules\\router\\lib\\layer.js:152:17)\n    at next (E:\\imageProcessing\\server\\node_modules\\router\\lib\\route.js:157:13)\n    at Route.dispatch (E:\\imageProcessing\\server\\node_modules\\router\\lib\\route.js:117:3)\n    at handle (E:\\imageProcessing\\server\\node_modules\\router\\index.js:435:11)\n    at Layer.handleRequest (E:\\imageProcessing\\server\\node_modules\\router\\lib\\layer.js:152:17)\n    at E:\\imageProcessing\\server\\node_modules\\router\\index.js:295:15\n    at param (E:\\imageProcessing\\server\\node_modules\\router\\index.js:600:14)\n    at param (E:\\imageProcessing\\server\\node_modules\\router\\index.js:610:14)","timestamp":"2025-06-03T13:10:31.666Z"}
{"level":"info","message":"Image uploaded to Cloudinary: image-service/xtyud31fjvd8rjvsp8nr","timestamp":"2025-06-03T13:10:49.384Z"}
{"level":"info","message":"Image uploaded by user ibrahim: image-service/xtyud31fjvd8rjvsp8nr","timestamp":"2025-06-03T13:10:49.628Z"}
{"level":"info","message":"Image transformed: image-service/y7v03j5j3hs4f7rpyysm","timestamp":"2025-06-03T13:10:57.484Z"}
{"level":"info","message":"Cached data for key: transform:image-service/y7v03j5j3hs4f7rpyysm:{\"resize\":{\"width\":200,\"height\":200},\"filters\":{\"grayscale\":true},\"format\":\"png\"}","timestamp":"2025-06-03T13:10:57.485Z"}
{"level":"info","message":"Image transformed for user ibrahim: image-service/y7v03j5j3hs4f7rpyysm","timestamp":"2025-06-03T13:10:57.485Z"}
{"level":"warn","message":"Image not found: 683ee08dd5ce26c72720d36a","timestamp":"2025-06-03T13:11:11.499Z"}
{"level":"error","message":"Image not found - Error: Image not found\n    at file:///E:/imageProcessing/server/src/controllers/imageController.js:146:19\n    at process.processTicksAndRejections (node:internal/process/task_queues:105:5)","timestamp":"2025-06-03T13:11:11.499Z"}
{"level":"info","message":"Metadata updated for image image-service/y7v03j5j3hs4f7rpyysm by user ibrahim","timestamp":"2025-06-03T13:11:21.749Z"}
